<?xml version="1.0" encoding="UTF-8"?>
<!-- Generated by org.testng.reporters.JUnitReportReporter -->
<testsuite hostname="LAPTOP-8AAVMEOH" failures="0" tests="1" name="com.qa.test.ApiGetTest" time="2.151" errors="0" timestamp="2021-04-04T21:19:21 MST" skipped="0">
  <testcase classname="com.qa.test.ApiGetTest" name="GetBookingIds_VerifyStatusCode" time="2.151"/>
  <system-out/>
</testsuite> <!-- com.qa.test.ApiGetTest -->
